<?xml version="1.0" encoding="UTF-8"?>
<!-- Generated by org.testng.reporters.JUnitReportReporter -->
<testsuite skipped="2" hostname="ccd03e6d2c67" name="com.newtours.tests.BookFlight2Test" tests="20" failures="0" timestamp="25 Jul 2021 10:20:23 GMT" time="42.838" errors="1">
  <testcase name="registrationConfirmationPage" time="0.230" classname="com.newtours.tests.BookFlight2Test"/>
  <testcase name="registrationConfirmationPage" time="0.387" classname="com.newtours.tests.BookFlight2Test"/>
  <testcase name="registrationPage" time="7.889" classname="com.newtours.tests.BookFlight2Test"/>
  <testcase name="flightConfirmationPage" time="0.000" classname="com.newtours.tests.BookFlight2Test">
    <skipped/>
  </testcase> <!-- flightConfirmationPage -->
  <testcase name="findFlightPage" time="0.000" classname="com.newtours.tests.BookFlight2Test">
    <skipped/>
  </testcase> <!-- findFlightPage -->
  <testcase name="flightDetailsPage" time="1.743" classname="com.newtours.tests.BookFlight2Test"/>
  <testcase name="findFlightPage" time="0.699" classname="com.newtours.tests.BookFlight2Test"/>
  <testcase name="findFlightPage" time="1.397" classname="com.newtours.tests.BookFlight2Test"/>
  <testcase name="findFlightPage" time="1.524" classname="com.newtours.tests.BookFlight2Test"/>
  <testcase name="flightConfirmationPage" time="0.417" classname="com.newtours.tests.BookFlight2Test"/>
  <testcase name="flightConfirmationPage" time="0.520" classname="com.newtours.tests.BookFlight2Test"/>
  <testcase name="flightConfirmationPage" time="0.504" classname="com.newtours.tests.BookFlight2Test"/>
  <testcase name="registrationPage" time="8.507" classname="com.newtours.tests.BookFlight2Test"/>
  <testcase name="registrationConfirmationPage" time="0.363" classname="com.newtours.tests.BookFlight2Test"/>
  <testcase name="flightDetailsPage" time="2.079" classname="com.newtours.tests.BookFlight2Test"/>
  <testcase name="registrationConfirmationPage" time="0.437" classname="com.newtours.tests.BookFlight2Test"/>
  <testcase name="flightDetailsPage" time="1.072" classname="com.newtours.tests.BookFlight2Test">
    <error type="org.openqa.selenium.NoSuchElementException" message="Cannot locate option with value: 30
For documentation on this error, please visit: http://seleniumhq.org/exceptions/no_such_element.html
Build info: version: &#039;3.14.0&#039;, revision: &#039;aacccce0&#039;, time: &#039;2018-08-02T20:19:58.91Z&#039;
System info: host: &#039;ccd03e6d2c67&#039;, ip: &#039;192.168.144.9&#039;, os.name: &#039;Linux&#039;, os.arch: &#039;amd64&#039;, os.version: &#039;4.19.76-linuxkit&#039;, java.version: &#039;1.8.0_191&#039;
Driver info: driver.version: unknown">
      <![CDATA[org.openqa.selenium.NoSuchElementException: Cannot locate option with value: 30
For documentation on this error, please visit: http://seleniumhq.org/exceptions/no_such_element.html
Build info: version: '3.14.0', revision: 'aacccce0', time: '2018-08-02T20:19:58.91Z'
System info: host: 'ccd03e6d2c67', ip: '192.168.144.9', os.name: 'Linux', os.arch: 'amd64', os.version: '4.19.76-linuxkit', java.version: '1.8.0_191'
Driver info: driver.version: unknown
at org.openqa.selenium.support.ui.Select.selectByValue(Select.java:209)
at com.newtours.pages.FlightDetailsPage.selectPassengers(FlightDetailsPage.java:32)
at com.newtours.tests.BookFlight2Test.flightDetailsPage(BookFlight2Test.java:46)
at sun.reflect.NativeMethodAccessorImpl.invoke0(Native Method)
at sun.reflect.NativeMethodAccessorImpl.invoke(NativeMethodAccessorImpl.java:62)
at sun.reflect.DelegatingMethodAccessorImpl.invoke(DelegatingMethodAccessorImpl.java:43)
at java.lang.reflect.Method.invoke(Method.java:498)
at org.testng.internal.MethodInvocationHelper.invokeMethod(MethodInvocationHelper.java:124)
at org.testng.internal.Invoker.invokeMethod(Invoker.java:583)
at org.testng.internal.Invoker.invokeTestMethod(Invoker.java:719)
at org.testng.internal.Invoker.invokeTestMethods(Invoker.java:989)
at org.testng.internal.TestMethodWorker.invokeTestMethods(TestMethodWorker.java:125)
at org.testng.internal.TestMethodWorker.run(TestMethodWorker.java:109)
at org.testng.TestRunner.privateRun(TestRunner.java:648)
at org.testng.TestRunner.run(TestRunner.java:505)
at org.testng.SuiteRunner.runTest(SuiteRunner.java:455)
at org.testng.SuiteRunner.access$000(SuiteRunner.java:40)
at org.testng.SuiteRunner$SuiteWorker.run(SuiteRunner.java:489)
at org.testng.internal.thread.ThreadUtil$1.call(ThreadUtil.java:52)
at java.util.concurrent.FutureTask.run(FutureTask.java:266)
at java.util.concurrent.ThreadPoolExecutor.runWorker(ThreadPoolExecutor.java:1149)
at java.util.concurrent.ThreadPoolExecutor$Worker.run(ThreadPoolExecutor.java:624)
at java.lang.Thread.run(Thread.java:748)
]]>
    </error>
  </testcase> <!-- flightDetailsPage -->
  <testcase name="registrationPage" time="6.568" classname="com.newtours.tests.BookFlight2Test"/>
  <testcase name="flightDetailsPage" time="2.149" classname="com.newtours.tests.BookFlight2Test"/>
  <testcase name="registrationPage" time="6.353" classname="com.newtours.tests.BookFlight2Test"/>
</testsuite> <!-- com.newtours.tests.BookFlight2Test -->
