<?xml version="1.0" encoding="UTF-8"?>
<!-- Generated by org.testng.reporters.JUnitXMLReporter -->
<testsuite hostname="ccd03e6d2c67" ignored="0" name="book-flight-3" tests="5" failures="1" timestamp="25 Jul 2021 10:20:20 GMT" time="35.308" errors="0">
  <testcase name="registrationPage" time="6.353" classname="com.newtours.tests.BookFlight2Test"/>
  <testcase name="registrationConfirmationPage" time="0.387" classname="com.newtours.tests.BookFlight2Test"/>
  <testcase name="flightDetailsPage" time="1.072" classname="com.newtours.tests.BookFlight2Test">
    <failure type="org.openqa.selenium.NoSuchElementException" message="Cannot locate option with value: 30
For documentation on this error, please visit: http://seleniumhq.org/exceptions/no_such_element.html
Build info: version: &amp;apos;3.14.0&amp;apos;, revision: &amp;apos;aacccce0&amp;apos;, time: &amp;apos;2018-08-02T20:19:58.91Z&amp;apos;
System info: host: &amp;apos;ccd03e6d2c67&amp;apos;, ip: &amp;apos;192.168.144.9&amp;apos;, os.name: &amp;apos;Linux&amp;apos;, os.arch: &amp;apos;amd64&amp;apos;, os.version: &amp;apos;4.19.76-linuxkit&amp;apos;, java.version: &amp;apos;1.8.0_191&amp;apos;
Driver info: driver.version: unknown">
      <![CDATA[org.openqa.selenium.NoSuchElementException: Cannot locate option with value: 30
For documentation on this error, please visit: http://seleniumhq.org/exceptions/no_such_element.html
Build info: version: '3.14.0', revision: 'aacccce0', time: '2018-08-02T20:19:58.91Z'
System info: host: 'ccd03e6d2c67', ip: '192.168.144.9', os.name: 'Linux', os.arch: 'amd64', os.version: '4.19.76-linuxkit', java.version: '1.8.0_191'
Driver info: driver.version: unknown
at org.openqa.selenium.support.ui.Select.selectByValue(Select.java:209)
at com.newtours.pages.FlightDetailsPage.selectPassengers(FlightDetailsPage.java:32)
at com.newtours.tests.BookFlight2Test.flightDetailsPage(BookFlight2Test.java:46)
at java.util.concurrent.FutureTask.run(FutureTask.java:266)
at java.util.concurrent.ThreadPoolExecutor.runWorker(ThreadPoolExecutor.java:1149)
at java.util.concurrent.ThreadPoolExecutor$Worker.run(ThreadPoolExecutor.java:624)
at java.lang.Thread.run(Thread.java:748)
... Removed 16 stack frames]]>
    </failure>
  </testcase> <!-- flightDetailsPage -->
  <testcase name="findFlightPage" time="0.0" classname="com.newtours.tests.BookFlight2Test">
    <skipped/>
  </testcase> <!-- findFlightPage -->
  <testcase name="flightConfirmationPage" time="0.0" classname="com.newtours.tests.BookFlight2Test">
    <skipped/>
  </testcase> <!-- flightConfirmationPage -->
</testsuite> <!-- book-flight-3 -->
